{"level":"info","message":"Listening on port 3900...","timestamp":"2018-07-25T19:02:18.260Z"}
{"level":"info","message":"Connected to mongodb://localhost/vidly...","timestamp":"2018-07-25T19:02:18.281Z"}
{"level":"info","message":"Listening on port 3900...","timestamp":"2018-07-25T19:09:55.035Z"}
{"level":"info","message":"Connected to mongodb://localhost/vidly...","timestamp":"2018-07-25T19:09:55.055Z"}
{"message":"Cannot read property 'isAdmin' of undefined","stack":"TypeError: Cannot read property 'isAdmin' of undefined\n    at module.exports (/Users/moshfeghhamedani/Dropbox/Courses/React/Demo/vidly-api-node/middleware/admin.js:8:17)\n    at /Users/moshfeghhamedani/Dropbox/Courses/React/Demo/vidly-api-node/node_modules/express-async-errors/index.js:17:17\n    at Layer.handle [as handle_request] (/Users/moshfeghhamedani/Dropbox/Courses/React/Demo/vidly-api-node/node_modules/express/lib/router/layer.js:95:5)\n    at next (/Users/moshfeghhamedani/Dropbox/Courses/React/Demo/vidly-api-node/node_modules/express/lib/router/route.js:137:13)\n    at module.exports (/Users/moshfeghhamedani/Dropbox/Courses/React/Demo/vidly-api-node/middleware/auth.js:5:36)\n    at /Users/moshfeghhamedani/Dropbox/Courses/React/Demo/vidly-api-node/node_modules/express-async-errors/index.js:17:17\n    at Layer.handle [as handle_request] (/Users/moshfeghhamedani/Dropbox/Courses/React/Demo/vidly-api-node/node_modules/express/lib/router/layer.js:95:5)\n    at next (/Users/moshfeghhamedani/Dropbox/Courses/React/Demo/vidly-api-node/node_modules/express/lib/router/route.js:137:13)\n    at Route.dispatch (/Users/moshfeghhamedani/Dropbox/Courses/React/Demo/vidly-api-node/node_modules/express/lib/router/route.js:112:3)\n    at /Users/moshfeghhamedani/Dropbox/Courses/React/Demo/vidly-api-node/node_modules/express-async-errors/index.js:17:17\n    at Layer.handle [as handle_request] (/Users/moshfeghhamedani/Dropbox/Courses/React/Demo/vidly-api-node/node_modules/express/lib/router/layer.js:95:5)\n    at /Users/moshfeghhamedani/Dropbox/Courses/React/Demo/vidly-api-node/node_modules/express/lib/router/index.js:281:22\n    at Function.process_params (/Users/moshfeghhamedani/Dropbox/Courses/React/Demo/vidly-api-node/node_modules/express/lib/router/index.js:335:12)\n    at next (/Users/moshfeghhamedani/Dropbox/Courses/React/Demo/vidly-api-node/node_modules/express/lib/router/index.js:275:10)\n    at Function.handle (/Users/moshfeghhamedani/Dropbox/Courses/React/Demo/vidly-api-node/node_modules/express/lib/router/index.js:174:3)\n    at router (/Users/moshfeghhamedani/Dropbox/Courses/React/Demo/vidly-api-node/node_modules/express/lib/router/index.js:47:12)","level":"error","timestamp":"2018-07-25T19:11:08.638Z"}
{"level":"info","message":"Listening on port 3900...","timestamp":"2018-07-25T19:11:36.087Z"}
{"level":"info","message":"Connected to mongodb://localhost/vidly...","timestamp":"2018-07-25T19:11:36.108Z"}
{"level":"info","message":"Listening on port 3900...","timestamp":"2018-07-25T19:11:40.247Z"}
{"level":"info","message":"Connected to mongodb://localhost/vidly...","timestamp":"2018-07-25T19:11:40.267Z"}
{"level":"info","message":"Listening on port 3900...","timestamp":"2018-07-25T19:11:52.261Z"}
{"level":"info","message":"Connected to mongodb://localhost/vidly...","timestamp":"2018-07-25T19:11:52.282Z"}
{"level":"info","message":"Listening on port 3900...","timestamp":"2018-07-25T19:16:03.043Z"}
{"level":"info","message":"Connected to mongodb://localhost/vidly...","timestamp":"2018-07-25T19:16:03.069Z"}
{"level":"info","message":"Listening on port 3900...","timestamp":"2018-07-25T19:16:06.519Z"}
{"level":"info","message":"Connected to mongodb://localhost/vidly...","timestamp":"2018-07-25T19:16:06.545Z"}
{"level":"info","message":"Listening on port 3900...","timestamp":"2018-07-25T19:21:13.994Z"}
{"level":"info","message":"Connected to mongodb://localhost/vidly...","timestamp":"2018-07-25T19:21:14.014Z"}
{"message":"Cast to ObjectId failed for value \"5b58c8fca5ebf3212ead2f2x\" at path \"_id\" for model \"Movies\"","stack":"CastError: Cast to ObjectId failed for value \"5b58c8fca5ebf3212ead2f2x\" at path \"_id\" for model \"Movies\"\n    at new CastError (/Users/moshfeghhamedani/Dropbox/Courses/React/Demo/vidly-api-node/node_modules/mongoose/lib/error/cast.js:27:11)\n    at ObjectId.cast (/Users/moshfeghhamedani/Dropbox/Courses/React/Demo/vidly-api-node/node_modules/mongoose/lib/schema/objectid.js:158:13)\n    at ObjectId.SchemaType.applySetters (/Users/moshfeghhamedani/Dropbox/Courses/React/Demo/vidly-api-node/node_modules/mongoose/lib/schematype.js:701:12)\n    at ObjectId.SchemaType._castForQuery (/Users/moshfeghhamedani/Dropbox/Courses/React/Demo/vidly-api-node/node_modules/mongoose/lib/schematype.js:1072:15)\n    at ObjectId.castForQuery (/Users/moshfeghhamedani/Dropbox/Courses/React/Demo/vidly-api-node/node_modules/mongoose/lib/schema/objectid.js:198:15)\n    at ObjectId.SchemaType.castForQueryWrapper (/Users/moshfeghhamedani/Dropbox/Courses/React/Demo/vidly-api-node/node_modules/mongoose/lib/schematype.js:1041:15)\n    at cast (/Users/moshfeghhamedani/Dropbox/Courses/React/Demo/vidly-api-node/node_modules/mongoose/lib/cast.js:269:32)\n    at model.Query.Query.cast (/Users/moshfeghhamedani/Dropbox/Courses/React/Demo/vidly-api-node/node_modules/mongoose/lib/query.js:3133:12)\n    at model.Query.Query._castConditions (/Users/moshfeghhamedani/Dropbox/Courses/React/Demo/vidly-api-node/node_modules/mongoose/lib/query.js:1269:10)\n    at model.Query.Query._findOne (/Users/moshfeghhamedani/Dropbox/Courses/React/Demo/vidly-api-node/node_modules/mongoose/lib/query.js:1485:8)\n    at /Users/moshfeghhamedani/Dropbox/Courses/React/Demo/vidly-api-node/node_modules/kareem/index.js:276:8\n    at /Users/moshfeghhamedani/Dropbox/Courses/React/Demo/vidly-api-node/node_modules/kareem/index.js:23:7\n    at _combinedTickCallback (internal/process/next_tick.js:131:7)\n    at process._tickCallback (internal/process/next_tick.js:180:9)","name":"CastError","stringValue":"\"5b58c8fca5ebf3212ead2f2x\"","kind":"ObjectId","value":"5b58c8fca5ebf3212ead2f2x","path":"_id","level":"error","timestamp":"2018-07-26T17:59:40.162Z"}
{"message":"Cast to ObjectId failed for value \"5b58c8fca5ebf3212ead2f2x\" at path \"_id\" for model \"Movies\"","stack":"CastError: Cast to ObjectId failed for value \"5b58c8fca5ebf3212ead2f2x\" at path \"_id\" for model \"Movies\"\n    at new CastError (/Users/moshfeghhamedani/Dropbox/Courses/React/Demo/vidly-api-node/node_modules/mongoose/lib/error/cast.js:27:11)\n    at ObjectId.cast (/Users/moshfeghhamedani/Dropbox/Courses/React/Demo/vidly-api-node/node_modules/mongoose/lib/schema/objectid.js:158:13)\n    at ObjectId.SchemaType.applySetters (/Users/moshfeghhamedani/Dropbox/Courses/React/Demo/vidly-api-node/node_modules/mongoose/lib/schematype.js:701:12)\n    at ObjectId.SchemaType._castForQuery (/Users/moshfeghhamedani/Dropbox/Courses/React/Demo/vidly-api-node/node_modules/mongoose/lib/schematype.js:1072:15)\n    at ObjectId.castForQuery (/Users/moshfeghhamedani/Dropbox/Courses/React/Demo/vidly-api-node/node_modules/mongoose/lib/schema/objectid.js:198:15)\n    at ObjectId.SchemaType.castForQueryWrapper (/Users/moshfeghhamedani/Dropbox/Courses/React/Demo/vidly-api-node/node_modules/mongoose/lib/schematype.js:1041:15)\n    at cast (/Users/moshfeghhamedani/Dropbox/Courses/React/Demo/vidly-api-node/node_modules/mongoose/lib/cast.js:269:32)\n    at model.Query.Query.cast (/Users/moshfeghhamedani/Dropbox/Courses/React/Demo/vidly-api-node/node_modules/mongoose/lib/query.js:3133:12)\n    at model.Query.Query._castConditions (/Users/moshfeghhamedani/Dropbox/Courses/React/Demo/vidly-api-node/node_modules/mongoose/lib/query.js:1269:10)\n    at model.Query.Query._findOne (/Users/moshfeghhamedani/Dropbox/Courses/React/Demo/vidly-api-node/node_modules/mongoose/lib/query.js:1485:8)\n    at /Users/moshfeghhamedani/Dropbox/Courses/React/Demo/vidly-api-node/node_modules/kareem/index.js:276:8\n    at /Users/moshfeghhamedani/Dropbox/Courses/React/Demo/vidly-api-node/node_modules/kareem/index.js:23:7\n    at _combinedTickCallback (internal/process/next_tick.js:131:7)\n    at process._tickCallback (internal/process/next_tick.js:180:9)","name":"CastError","stringValue":"\"5b58c8fca5ebf3212ead2f2x\"","kind":"ObjectId","value":"5b58c8fca5ebf3212ead2f2x","path":"_id","level":"error","timestamp":"2018-07-26T18:01:43.512Z"}
{"message":"Cast to ObjectId failed for value \"5b58c8fca5ebf3212ead2f2x\" at path \"_id\" for model \"Movies\"","stack":"CastError: Cast to ObjectId failed for value \"5b58c8fca5ebf3212ead2f2x\" at path \"_id\" for model \"Movies\"\n    at new CastError (/Users/moshfeghhamedani/Dropbox/Courses/React/Demo/vidly-api-node/node_modules/mongoose/lib/error/cast.js:27:11)\n    at ObjectId.cast (/Users/moshfeghhamedani/Dropbox/Courses/React/Demo/vidly-api-node/node_modules/mongoose/lib/schema/objectid.js:158:13)\n    at ObjectId.SchemaType.applySetters (/Users/moshfeghhamedani/Dropbox/Courses/React/Demo/vidly-api-node/node_modules/mongoose/lib/schematype.js:701:12)\n    at ObjectId.SchemaType._castForQuery (/Users/moshfeghhamedani/Dropbox/Courses/React/Demo/vidly-api-node/node_modules/mongoose/lib/schematype.js:1072:15)\n    at ObjectId.castForQuery (/Users/moshfeghhamedani/Dropbox/Courses/React/Demo/vidly-api-node/node_modules/mongoose/lib/schema/objectid.js:198:15)\n    at ObjectId.SchemaType.castForQueryWrapper (/Users/moshfeghhamedani/Dropbox/Courses/React/Demo/vidly-api-node/node_modules/mongoose/lib/schematype.js:1041:15)\n    at cast (/Users/moshfeghhamedani/Dropbox/Courses/React/Demo/vidly-api-node/node_modules/mongoose/lib/cast.js:269:32)\n    at model.Query.Query.cast (/Users/moshfeghhamedani/Dropbox/Courses/React/Demo/vidly-api-node/node_modules/mongoose/lib/query.js:3133:12)\n    at model.Query.Query._castConditions (/Users/moshfeghhamedani/Dropbox/Courses/React/Demo/vidly-api-node/node_modules/mongoose/lib/query.js:1269:10)\n    at model.Query.Query._findOne (/Users/moshfeghhamedani/Dropbox/Courses/React/Demo/vidly-api-node/node_modules/mongoose/lib/query.js:1485:8)\n    at /Users/moshfeghhamedani/Dropbox/Courses/React/Demo/vidly-api-node/node_modules/kareem/index.js:276:8\n    at /Users/moshfeghhamedani/Dropbox/Courses/React/Demo/vidly-api-node/node_modules/kareem/index.js:23:7\n    at _combinedTickCallback (internal/process/next_tick.js:131:7)\n    at process._tickCallback (internal/process/next_tick.js:180:9)","name":"CastError","stringValue":"\"5b58c8fca5ebf3212ead2f2x\"","kind":"ObjectId","value":"5b58c8fca5ebf3212ead2f2x","path":"_id","level":"error","timestamp":"2018-07-26T18:01:58.144Z"}
{"message":"Cast to ObjectId failed for value \"5b58c8fca5ebf3212ead2f2x\" at path \"_id\" for model \"Movies\"","stack":"CastError: Cast to ObjectId failed for value \"5b58c8fca5ebf3212ead2f2x\" at path \"_id\" for model \"Movies\"\n    at new CastError (/Users/moshfeghhamedani/Dropbox/Courses/React/Demo/vidly-api-node/node_modules/mongoose/lib/error/cast.js:27:11)\n    at ObjectId.cast (/Users/moshfeghhamedani/Dropbox/Courses/React/Demo/vidly-api-node/node_modules/mongoose/lib/schema/objectid.js:158:13)\n    at ObjectId.SchemaType.applySetters (/Users/moshfeghhamedani/Dropbox/Courses/React/Demo/vidly-api-node/node_modules/mongoose/lib/schematype.js:701:12)\n    at ObjectId.SchemaType._castForQuery (/Users/moshfeghhamedani/Dropbox/Courses/React/Demo/vidly-api-node/node_modules/mongoose/lib/schematype.js:1072:15)\n    at ObjectId.castForQuery (/Users/moshfeghhamedani/Dropbox/Courses/React/Demo/vidly-api-node/node_modules/mongoose/lib/schema/objectid.js:198:15)\n    at ObjectId.SchemaType.castForQueryWrapper (/Users/moshfeghhamedani/Dropbox/Courses/React/Demo/vidly-api-node/node_modules/mongoose/lib/schematype.js:1041:15)\n    at cast (/Users/moshfeghhamedani/Dropbox/Courses/React/Demo/vidly-api-node/node_modules/mongoose/lib/cast.js:269:32)\n    at model.Query.Query.cast (/Users/moshfeghhamedani/Dropbox/Courses/React/Demo/vidly-api-node/node_modules/mongoose/lib/query.js:3133:12)\n    at model.Query.Query._castConditions (/Users/moshfeghhamedani/Dropbox/Courses/React/Demo/vidly-api-node/node_modules/mongoose/lib/query.js:1269:10)\n    at model.Query.Query._findOne (/Users/moshfeghhamedani/Dropbox/Courses/React/Demo/vidly-api-node/node_modules/mongoose/lib/query.js:1485:8)\n    at /Users/moshfeghhamedani/Dropbox/Courses/React/Demo/vidly-api-node/node_modules/kareem/index.js:276:8\n    at /Users/moshfeghhamedani/Dropbox/Courses/React/Demo/vidly-api-node/node_modules/kareem/index.js:23:7\n    at _combinedTickCallback (internal/process/next_tick.js:131:7)\n    at process._tickCallback (internal/process/next_tick.js:180:9)","name":"CastError","stringValue":"\"5b58c8fca5ebf3212ead2f2x\"","kind":"ObjectId","value":"5b58c8fca5ebf3212ead2f2x","path":"_id","level":"error","timestamp":"2018-07-26T18:02:20.602Z"}
{"message":"Cast to ObjectId failed for value \"5b58c8fca5ebf3212ead2f2x\" at path \"_id\" for model \"Movies\"","stack":"CastError: Cast to ObjectId failed for value \"5b58c8fca5ebf3212ead2f2x\" at path \"_id\" for model \"Movies\"\n    at new CastError (/Users/moshfeghhamedani/Dropbox/Courses/React/Demo/vidly-api-node/node_modules/mongoose/lib/error/cast.js:27:11)\n    at ObjectId.cast (/Users/moshfeghhamedani/Dropbox/Courses/React/Demo/vidly-api-node/node_modules/mongoose/lib/schema/objectid.js:158:13)\n    at ObjectId.SchemaType.applySetters (/Users/moshfeghhamedani/Dropbox/Courses/React/Demo/vidly-api-node/node_modules/mongoose/lib/schematype.js:701:12)\n    at ObjectId.SchemaType._castForQuery (/Users/moshfeghhamedani/Dropbox/Courses/React/Demo/vidly-api-node/node_modules/mongoose/lib/schematype.js:1072:15)\n    at ObjectId.castForQuery (/Users/moshfeghhamedani/Dropbox/Courses/React/Demo/vidly-api-node/node_modules/mongoose/lib/schema/objectid.js:198:15)\n    at ObjectId.SchemaType.castForQueryWrapper (/Users/moshfeghhamedani/Dropbox/Courses/React/Demo/vidly-api-node/node_modules/mongoose/lib/schematype.js:1041:15)\n    at cast (/Users/moshfeghhamedani/Dropbox/Courses/React/Demo/vidly-api-node/node_modules/mongoose/lib/cast.js:269:32)\n    at model.Query.Query.cast (/Users/moshfeghhamedani/Dropbox/Courses/React/Demo/vidly-api-node/node_modules/mongoose/lib/query.js:3133:12)\n    at model.Query.Query._castConditions (/Users/moshfeghhamedani/Dropbox/Courses/React/Demo/vidly-api-node/node_modules/mongoose/lib/query.js:1269:10)\n    at model.Query.Query._findOne (/Users/moshfeghhamedani/Dropbox/Courses/React/Demo/vidly-api-node/node_modules/mongoose/lib/query.js:1485:8)\n    at /Users/moshfeghhamedani/Dropbox/Courses/React/Demo/vidly-api-node/node_modules/kareem/index.js:276:8\n    at /Users/moshfeghhamedani/Dropbox/Courses/React/Demo/vidly-api-node/node_modules/kareem/index.js:23:7\n    at _combinedTickCallback (internal/process/next_tick.js:131:7)\n    at process._tickCallback (internal/process/next_tick.js:180:9)","name":"CastError","stringValue":"\"5b58c8fca5ebf3212ead2f2x\"","kind":"ObjectId","value":"5b58c8fca5ebf3212ead2f2x","path":"_id","level":"error","timestamp":"2018-07-26T18:03:23.147Z"}
{"level":"info","message":"Listening on port 3900...","timestamp":"2018-07-26T18:07:38.002Z"}
{"level":"info","message":"Connected to mongodb://localhost/vidly...","timestamp":"2018-07-26T18:07:38.017Z"}
{"level":"info","message":"Listening on port 3900...","timestamp":"2018-08-01T17:05:48.069Z"}
{"level":"info","message":"Listening on port 3900...","timestamp":"2018-08-01T17:05:58.074Z"}
{"level":"info","message":"Connected to mongodb://localhost/vidly...","timestamp":"2018-08-01T17:05:58.095Z"}
{"level":"info","message":"Listening on port 3900...","timestamp":"2018-08-01T19:27:24.787Z"}
{"level":"info","message":"Connected to mongodb://localhost/vidly...","timestamp":"2018-08-01T19:27:24.807Z"}
{"message":"Unexpected token \n in JSON at position 55","stack":"SyntaxError: Unexpected token \n in JSON at position 55\n    at JSON.parse (<anonymous>)\n    at parse (/Users/moshfeghhamedani/Dropbox/Courses/React/Demo/vidly-api-node/node_modules/body-parser/lib/types/json.js:89:19)\n    at /Users/moshfeghhamedani/Dropbox/Courses/React/Demo/vidly-api-node/node_modules/body-parser/lib/read.js:121:18\n    at invokeCallback (/Users/moshfeghhamedani/Dropbox/Courses/React/Demo/vidly-api-node/node_modules/raw-body/index.js:224:16)\n    at done (/Users/moshfeghhamedani/Dropbox/Courses/React/Demo/vidly-api-node/node_modules/raw-body/index.js:213:7)\n    at IncomingMessage.onEnd (/Users/moshfeghhamedani/Dropbox/Courses/React/Demo/vidly-api-node/node_modules/raw-body/index.js:273:7)\n    at emitNone (events.js:106:13)\n    at IncomingMessage.emit (events.js:208:7)\n    at endReadableNT (_stream_readable.js:1056:12)\n    at _combinedTickCallback (internal/process/next_tick.js:138:11)\n    at process._tickCallback (internal/process/next_tick.js:180:9)","expose":true,"statusCode":400,"status":400,"body":"{\n\t\"email\": \"user10@domain.com\",\n\t\"password\": \"123456, \n\t\"name\": \"Mosh\"\n}","type":"entity.parse.failed","level":"error","timestamp":"2018-08-01T19:28:03.863Z"}
{"level":"info","message":"Listening on port 3900...","timestamp":"2018-08-01T19:32:10.154Z"}
{"level":"info","message":"Connected to mongodb://localhost/vidly...","timestamp":"2018-08-01T19:32:10.174Z"}
{"level":"info","message":"Listening on port 3900...","timestamp":"2018-08-01T19:32:41.208Z"}
{"level":"info","message":"Connected to mongodb://localhost/vidly...","timestamp":"2018-08-01T19:32:41.227Z"}
{"level":"info","message":"Listening on port 3900...","timestamp":"2018-08-01T19:48:20.908Z"}
{"level":"info","message":"Connected to mongodb://localhost/vidly...","timestamp":"2018-08-01T19:48:20.929Z"}
{"level":"info","message":"Listening on port 3900...","timestamp":"2018-08-02T17:16:40.672Z"}
{"level":"info","message":"Connected to mongodb://localhost/vidly...","timestamp":"2018-08-02T17:16:40.691Z"}
{"level":"info","message":"Listening on port 3900...","timestamp":"2018-08-02T17:27:08.179Z"}
{"level":"info","message":"Connected to mongodb://localhost/vidly...","timestamp":"2018-08-02T17:27:08.199Z"}
{"level":"info","message":"Listening on port 3900...","timestamp":"2018-08-02T17:29:37.614Z"}
{"level":"info","message":"Connected to mongodb://localhost/vidly...","timestamp":"2018-08-02T17:29:37.639Z"}
{"level":"info","message":"Listening on port 3900...","timestamp":"2018-08-02T17:44:13.347Z"}
{"level":"info","message":"Connected to mongodb://localhost/vidly...","timestamp":"2018-08-02T17:44:13.367Z"}
{"level":"info","message":"Listening on port 3900...","timestamp":"2018-08-08T16:40:58.626Z"}
{"level":"info","message":"Listening on port 3900...","timestamp":"2018-08-08T16:41:09.898Z"}
{"level":"info","message":"Connected to mongodb://localhost/vidly...","timestamp":"2018-08-08T16:41:09.919Z"}
{"level":"info","message":"Listening on port 3900...","timestamp":"2020-04-10T04:22:30.596Z"}
{"level":"info","message":"Connected to mongodb://localhost/movie-app...","timestamp":"2020-04-10T04:22:35.868Z"}
{"level":"info","message":"Listening on port 3900...","timestamp":"2020-04-12T12:59:54.262Z"}
{"level":"info","message":"Connected to mongodb://localhost/movie-app...","timestamp":"2020-04-12T12:59:56.341Z"}
{"level":"info","message":"Listening on port 3900...","timestamp":"2020-04-13T15:25:29.053Z"}
{"level":"info","message":"Connected to mongodb://localhost/movie-app...","timestamp":"2020-04-13T15:25:31.182Z"}
{"level":"info","message":"Listening on port 3900...","timestamp":"2020-04-15T14:23:53.542Z"}
{"level":"info","message":"Connected to mongodb://localhost/movie-app...","timestamp":"2020-04-15T14:23:55.712Z"}
{"level":"info","message":"Listening on port 3900...","timestamp":"2020-04-16T01:17:35.782Z"}
{"level":"info","message":"Connected to mongodb://localhost/movie-app...","timestamp":"2020-04-16T01:17:37.836Z"}
{"level":"info","message":"Listening on port 3900...","timestamp":"2020-04-16T06:48:33.358Z"}
{"level":"info","message":"Connected to mongodb://localhost/movie-app...","timestamp":"2020-04-16T06:48:35.628Z"}
{"level":"info","message":"Listening on port 3900...","timestamp":"2020-04-16T19:03:42.611Z"}
{"level":"info","message":"Connected to mongodb://localhost/movie-app...","timestamp":"2020-04-16T19:03:44.963Z"}
{"level":"info","message":"Listening on port 3900...","timestamp":"2020-04-17T15:28:52.383Z"}
{"level":"info","message":"Connected to mongodb://localhost/movie-app...","timestamp":"2020-04-17T15:28:54.469Z"}
{"level":"info","message":"Listening on port 3900...","timestamp":"2020-04-18T01:09:54.598Z"}
{"level":"info","message":"Connected to mongodb://localhost/movie-app...","timestamp":"2020-04-18T01:09:57.034Z"}
{"level":"info","message":"Listening on port 3900...","timestamp":"2020-04-18T02:15:24.721Z"}
{"level":"info","message":"Connected to mongodb://localhost/movie-app...","timestamp":"2020-04-18T02:15:26.975Z"}
{"level":"info","message":"Listening on port 3900...","timestamp":"2020-04-18T02:16:39.181Z"}
{"level":"info","message":"Connected to mongodb://localhost/movie-app...","timestamp":"2020-04-18T02:16:41.230Z"}
{"level":"info","message":"Listening on port 3900...","timestamp":"2020-04-18T02:17:42.527Z"}
{"level":"info","message":"Connected to mongodb://localhost/movie-app...","timestamp":"2020-04-18T02:17:44.616Z"}
{"level":"info","message":"Listening on port 3900...","timestamp":"2020-04-18T02:18:43.418Z"}
{"level":"info","message":"Connected to mongodb://localhost/movie-app...","timestamp":"2020-04-18T02:18:45.480Z"}
{"level":"info","message":"Listening on port 3900...","timestamp":"2020-04-18T02:22:38.099Z"}
{"level":"info","message":"Connected to mongodb://localhost/movie-app...","timestamp":"2020-04-18T02:22:40.179Z"}
{"level":"info","message":"Listening on port 3900...","timestamp":"2020-04-21T11:50:40.086Z"}
{"level":"info","message":"Listening on port 3900...","timestamp":"2020-04-21T11:51:27.079Z"}
{"level":"info","message":"Connected to mongodb://localhost/movie-app...","timestamp":"2020-04-21T11:51:29.349Z"}
{"level":"info","message":"Listening on port 3900...","timestamp":"2020-04-21T12:01:28.758Z"}
{"level":"info","message":"Connected to mongodb://localhost/movie-app...","timestamp":"2020-04-21T12:01:30.948Z"}
{"level":"info","message":"Listening on port 3900...","timestamp":"2020-04-21T12:02:27.527Z"}
{"level":"info","message":"Connected to mongodb://localhost/movie-app...","timestamp":"2020-04-21T12:02:29.601Z"}
{"level":"info","message":"Listening on port 3900...","timestamp":"2020-04-21T12:06:30.007Z"}
{"level":"info","message":"Connected to mongodb://localhost/movie-app...","timestamp":"2020-04-21T12:06:32.102Z"}
{"level":"info","message":"Listening on port 3900...","timestamp":"2020-04-21T12:09:05.902Z"}
{"level":"info","message":"Connected to mongodb://localhost/movie-app...","timestamp":"2020-04-21T12:09:07.994Z"}
{"level":"info","message":"Listening on port 3900...","timestamp":"2020-04-21T12:20:26.201Z"}
{"level":"info","message":"Connected to mongodb://localhost/movie-app...","timestamp":"2020-04-21T12:20:28.245Z"}
{"level":"info","message":"Listening on port 3900...","timestamp":"2020-04-21T12:21:29.975Z"}
{"level":"info","message":"Connected to mongodb://localhost/movie-app...","timestamp":"2020-04-21T12:21:32.061Z"}
{"level":"info","message":"Listening on port 3900...","timestamp":"2020-04-21T14:12:26.292Z"}
{"level":"info","message":"Connected to mongodb://localhost/movie-app...","timestamp":"2020-04-21T14:12:28.395Z"}
{"level":"info","message":"Listening on port 3900...","timestamp":"2020-04-21T14:13:03.980Z"}
{"level":"info","message":"Connected to mongodb://localhost/movie-app...","timestamp":"2020-04-21T14:13:06.089Z"}
{"level":"info","message":"Listening on port 3900...","timestamp":"2020-04-21T14:13:28.090Z"}
{"level":"info","message":"Connected to mongodb://localhost/movie-app...","timestamp":"2020-04-21T14:13:30.137Z"}
{"level":"info","message":"Listening on port 3900...","timestamp":"2020-04-21T14:14:31.664Z"}
{"level":"info","message":"Connected to mongodb://localhost/movie-app...","timestamp":"2020-04-21T14:14:33.746Z"}
{"level":"info","message":"Listening on port 3900...","timestamp":"2020-04-21T14:14:52.786Z"}
{"level":"info","message":"Connected to mongodb://localhost/movie-app...","timestamp":"2020-04-21T14:14:54.887Z"}
{"level":"info","message":"Listening on port 3900...","timestamp":"2020-04-21T20:31:55.099Z"}
{"level":"info","message":"Connected to mongodb://localhost/movie-app...","timestamp":"2020-04-21T20:31:57.197Z"}
{"level":"info","message":"Listening on port 3900...","timestamp":"2020-04-24T01:04:03.651Z"}
{"level":"info","message":"Connected to mongodb://localhost/movie-app...","timestamp":"2020-04-24T01:04:06.077Z"}
{"level":"info","message":"Listening on port 3900...","timestamp":"2020-04-24T22:10:43.312Z"}
{"level":"info","message":"Connected to mongodb://localhost/movie-app...","timestamp":"2020-04-24T22:10:46.151Z"}
{"level":"info","message":"Listening on port 3900...","timestamp":"2020-04-25T06:41:33.614Z"}
{"level":"info","message":"Connected to mongodb://localhost/movie-app...","timestamp":"2020-04-25T06:41:35.681Z"}
{"level":"info","message":"Listening on port 3900...","timestamp":"2020-04-25T07:42:27.594Z"}
{"level":"info","message":"Connected to mongodb://localhost/movie-app...","timestamp":"2020-04-25T07:42:29.638Z"}
{"level":"info","message":"Listening on port 3900...","timestamp":"2020-04-25T08:27:47.062Z"}
{"level":"info","message":"Connected to mongodb://localhost/movie-app...","timestamp":"2020-04-25T08:27:49.126Z"}
{"level":"info","message":"Listening on port 3900...","timestamp":"2020-04-25T08:28:49.320Z"}
{"level":"info","message":"Connected to mongodb://localhost/movie-app...","timestamp":"2020-04-25T08:28:51.411Z"}
{"level":"info","message":"Listening on port 3900...","timestamp":"2020-04-25T08:29:13.093Z"}
{"level":"info","message":"Connected to mongodb://localhost/movie-app...","timestamp":"2020-04-25T08:29:15.174Z"}
{"level":"info","message":"Listening on port 3900...","timestamp":"2020-04-25T08:34:51.539Z"}
{"level":"info","message":"Connected to mongodb://localhost/movie-app...","timestamp":"2020-04-25T08:34:53.606Z"}
{"level":"info","message":"Listening on port 3900...","timestamp":"2020-04-25T08:39:21.926Z"}
{"level":"info","message":"Connected to mongodb://localhost/movie-app...","timestamp":"2020-04-25T08:39:23.946Z"}
{"level":"info","message":"Listening on port 3900...","timestamp":"2020-04-25T08:40:53.446Z"}
{"level":"info","message":"Connected to mongodb://localhost/movie-app...","timestamp":"2020-04-25T08:40:55.488Z"}
{"level":"info","message":"Listening on port 3900...","timestamp":"2020-04-25T08:41:32.994Z"}
{"level":"info","message":"Connected to mongodb://localhost/movie-app...","timestamp":"2020-04-25T08:41:35.041Z"}
{"level":"info","message":"Listening on port 3900...","timestamp":"2020-04-25T08:45:31.007Z"}
{"level":"info","message":"Connected to mongodb://localhost/movie-app...","timestamp":"2020-04-25T08:45:33.095Z"}
{"level":"info","message":"Listening on port 3900...","timestamp":"2020-04-25T08:57:21.057Z"}
{"level":"info","message":"Connected to mongodb://localhost/movie-app...","timestamp":"2020-04-25T08:57:23.097Z"}
{"level":"info","message":"Listening on port 3900...","timestamp":"2020-04-25T09:45:10.580Z"}
{"level":"info","message":"Connected to mongodb://localhost/movie-app...","timestamp":"2020-04-25T09:45:12.613Z"}
{"level":"info","message":"Listening on port 3900...","timestamp":"2020-04-25T14:58:53.797Z"}
{"level":"info","message":"Connected to mongodb://localhost/movie-app...","timestamp":"2020-04-25T14:58:55.896Z"}
{"level":"info","message":"Listening on port 3900...","timestamp":"2020-04-25T17:20:22.068Z"}
{"level":"info","message":"Connected to mongodb://localhost/movie-app...","timestamp":"2020-04-25T17:20:24.144Z"}
